<?xml version="1.0" encoding="UTF-8"?>
<!-- Generated by org.testng.reporters.JUnitReportReporter -->
<testsuite hostname="DESKTOP-G3CV4PD" failures="1" tests="10" name="testCases.HomePageModulesTest" time="120.402" errors="0" timestamp="2022-07-26T23:59:19 IST" skipped="0">
  <testcase classname="testCases.HomePageModulesTest" name="logoTest" time="10.781"/>
  <system-out/>
  <testcase classname="testCases.HomePageModulesTest" name="homeLinkTest" time="8.230"/>
  <system-out/>
  <testcase classname="testCases.HomePageModulesTest" name="contactTest" time="7.698"/>
  <system-out/>
  <testcase classname="testCases.HomePageModulesTest" name="aboutUsTest" time="8.290"/>
  <system-out/>
  <testcase classname="testCases.HomePageModulesTest" name="cartTest" time="11.169"/>
  <system-out/>
  <testcase classname="testCases.HomePageModulesTest" name="RegistrationTest" time="11.834"/>
  <system-out/>
  <testcase classname="testCases.HomePageModulesTest" name="LoginTest" time="15.224">
    <failure message="expected [Welcome ujjawal21] but found []" type="java.lang.AssertionError">
      <![CDATA[java.lang.AssertionError: expected [Welcome ujjawal21] but found []
at org.testng.Assert.fail(Assert.java:99)
at org.testng.Assert.failNotEquals(Assert.java:1037)
at org.testng.Assert.assertEqualsImpl(Assert.java:140)
at org.testng.Assert.assertEquals(Assert.java:122)
at org.testng.Assert.assertEquals(Assert.java:629)
at org.testng.Assert.assertEquals(Assert.java:639)
at testCases.HomePageModulesTest.LoginTest(HomePageModulesTest.java:56)
at java.base/jdk.internal.reflect.DirectMethodHandleAccessor.invoke(DirectMethodHandleAccessor.java:104)
at java.base/java.lang.reflect.Method.invoke(Method.java:577)
at org.testng.internal.MethodInvocationHelper.invokeMethod(MethodInvocationHelper.java:133)
at org.testng.internal.TestInvoker.invokeMethod(TestInvoker.java:598)
at org.testng.internal.TestInvoker.invokeTestMethod(TestInvoker.java:173)
at org.testng.internal.MethodRunner.runInSequence(MethodRunner.java:46)
at org.testng.internal.TestInvoker$MethodInvocationAgent.invoke(TestInvoker.java:824)
at org.testng.internal.TestInvoker.invokeTestMethods(TestInvoker.java:146)
at org.testng.internal.TestMethodWorker.invokeTestMethods(TestMethodWorker.java:146)
at org.testng.internal.TestMethodWorker.run(TestMethodWorker.java:128)
at java.base/java.util.ArrayList.forEach(ArrayList.java:1511)
at org.testng.TestRunner.privateRun(TestRunner.java:794)
at org.testng.TestRunner.run(TestRunner.java:596)
at org.testng.SuiteRunner.runTest(SuiteRunner.java:377)
at org.testng.SuiteRunner.runSequentially(SuiteRunner.java:371)
at org.testng.SuiteRunner.privateRun(SuiteRunner.java:332)
at org.testng.SuiteRunner.run(SuiteRunner.java:276)
at org.testng.SuiteRunnerWorker.runSuite(SuiteRunnerWorker.java:53)
at org.testng.SuiteRunnerWorker.run(SuiteRunnerWorker.java:96)
at org.testng.TestNG.runSuitesSequentially(TestNG.java:1212)
at org.testng.TestNG.runSuitesLocally(TestNG.java:1134)
at org.testng.TestNG.runSuites(TestNG.java:1063)
at org.testng.TestNG.run(TestNG.java:1031)
at org.testng.remote.AbstractRemoteTestNG.run(AbstractRemoteTestNG.java:115)
at org.testng.remote.RemoteTestNG.initAndRun(RemoteTestNG.java:251)
at org.testng.remote.RemoteTestNG.main(RemoteTestNG.java:77)
]]>
    </failure>
  </testcase> <!-- LoginTest -->
  <system-out/>
  <testcase classname="testCases.HomePageModulesTest" name="logoutTest" time="12.975"/>
  <system-out/>
  <testcase classname="testCases.HomePageModulesTest" name="bannerSlidingTest" time="11.760"/>
  <system-out/>
  <testcase classname="testCases.HomePageModulesTest" name="nextPrevListTest" time="22.441"/>
  <system-out/>
</testsuite> <!-- testCases.HomePageModulesTest -->
